TN:
SF:src\modules\appointments\services\CreateAppointmentService.ts
FN:39,Object.<anonymous>
FN:39,Object.<anonymous>.__decorate
FN:39,Object.<anonymous>.__metadata
FN:39,Object.<anonymous>.__param
FN:39,Object.<anonymous>.__awaiter
FN:39,adopt
FN:39,fulfilled
FN:39,rejected
FN:39,step
FN:39,Object.<anonymous>.__generator
FN:39,sent
FN:39,g.<computed>
FN:39,verb
FN:39,step
FN:39,Object.<anonymous>.__importDefault
FN:16,CreateAppointmentService
FN:21,Object.<anonymous>.CreateAppointmentService.execute
FNF:17
FNH:15
FNDA:1,Object.<anonymous>
FNDA:1,Object.<anonymous>.__decorate
FNDA:1,Object.<anonymous>.__metadata
FNDA:1,Object.<anonymous>.__param
FNDA:3,Object.<anonymous>.__awaiter
FNDA:5,adopt
FNDA:5,fulfilled
FNDA:0,rejected
FNDA:7,step
FNDA:3,Object.<anonymous>.__generator
FNDA:5,sent
FNDA:0,g.<computed>
FNDA:9,verb
FNDA:8,step
FNDA:1,Object.<anonymous>.__importDefault
FNDA:2,CreateAppointmentService
FNDA:3,Object.<anonymous>.CreateAppointmentService.execute
DA:1,1
DA:2,1
DA:3,1
DA:4,1
DA:5,1
DA:6,1
DA:7,1
DA:8,1
DA:9,1
DA:10,1
DA:11,1
DA:12,1
DA:13,1
DA:14,1
DA:15,1
DA:16,1
DA:17,2
DA:18,2
DA:19,2
DA:20,1
DA:21,1
DA:22,3
DA:23,3
DA:24,3
DA:25,3
DA:26,3
DA:27,1
DA:28,1
DA:29,2
DA:30,2
DA:31,2
DA:32,2
DA:33,2
DA:34,3
DA:35,3
DA:36,3
DA:37,1
DA:38,1
DA:39,1
LF:39
LH:39
BRDA:39,0,0,1
BRDA:39,1,0,1
BRDA:39,2,0,1
BRDA:39,3,0,0
BRDA:39,4,0,0
BRDA:39,5,0,0
BRDA:39,6,0,0
BRDA:39,7,0,1
BRDA:39,8,0,1
BRDA:39,9,0,1
BRDA:39,10,0,3
BRDA:39,11,0,5
BRDA:39,12,0,0
BRDA:39,13,0,3
BRDA:39,14,0,5
BRDA:39,15,0,4
BRDA:39,16,0,1
BRDA:39,17,0,7
BRDA:39,18,0,2
BRDA:39,19,0,5
BRDA:39,20,0,3
BRDA:39,21,0,5
BRDA:39,22,0,0
BRDA:39,23,0,9
BRDA:39,24,0,8
BRDA:39,25,0,8
BRDA:39,26,0,0
BRDA:39,27,0,16
BRDA:39,28,0,0
BRDA:39,29,0,0
BRDA:39,30,0,0
BRDA:39,31,0,0
BRDA:39,32,0,8
BRDA:39,33,0,8
BRDA:39,34,0,5
BRDA:39,35,0,0
BRDA:39,36,0,0
BRDA:39,37,0,3
BRDA:39,38,0,0
BRDA:39,39,0,2
BRDA:39,40,0,0
BRDA:39,41,0,0
BRDA:39,42,0,0
BRDA:39,43,0,0
BRDA:39,44,0,8
BRDA:39,45,0,7
BRDA:39,46,0,1
BRDA:39,47,0,8
BRDA:39,48,0,3
BRDA:39,49,0,1
BRDA:39,50,0,2
BRDA:39,51,0,0
BRDA:39,52,0,1
BRDA:39,53,0,0
BRDA:15,54,0,1
BRDA:16,55,0,2
BRDA:21,56,0,3
BRDA:39,57,0,3
BRDA:39,58,0,8
BRDA:39,59,0,3
BRDA:39,60,0,3
BRDA:26,61,0,1
BRDA:28,62,0,2
BRDA:39,63,0,2
BRF:64
BRH:44
end_of_record
TN:
SF:src\modules\users\services\AuthenticateUserService.ts
FN:63,Object.<anonymous>
FN:63,Object.<anonymous>.__decorate
FN:63,Object.<anonymous>.__metadata
FN:63,Object.<anonymous>.__param
FN:63,Object.<anonymous>.__awaiter
FN:63,adopt
FN:63,fulfilled
FN:63,rejected
FN:63,step
FN:63,Object.<anonymous>.__generator
FN:63,sent
FN:63,g.<computed>
FN:63,verb
FN:63,step
FN:63,Object.<anonymous>.__importDefault
FN:23,AuthenticateUserService
FN:31,Object.<anonymous>.AuthenticateUserService.execute
FNF:17
FNH:15
FNDA:1,Object.<anonymous>
FNDA:1,Object.<anonymous>.__decorate
FNDA:1,Object.<anonymous>.__metadata
FNDA:2,Object.<anonymous>.__param
FNDA:3,Object.<anonymous>.__awaiter
FNDA:5,adopt
FNDA:5,fulfilled
FNDA:0,rejected
FNDA:6,step
FNDA:3,Object.<anonymous>.__generator
FNDA:5,sent
FNDA:0,g.<computed>
FNDA:9,verb
FNDA:8,step
FNDA:2,Object.<anonymous>.__importDefault
FNDA:3,AuthenticateUserService
FNDA:3,Object.<anonymous>.AuthenticateUserService.execute
DA:1,1
DA:2,1
DA:3,1
DA:4,1
DA:5,1
DA:6,1
DA:7,1
DA:8,1
DA:9,1
DA:10,1
DA:11,1
DA:12,1
DA:13,1
DA:14,1
DA:15,1
DA:16,1
DA:17,1
DA:18,1
DA:19,1
DA:20,1
DA:21,1
DA:22,1
DA:23,1
DA:24,3
DA:25,3
DA:26,3
DA:27,3
DA:28,3
DA:29,3
DA:30,1
DA:31,1
DA:32,3
DA:33,3
DA:34,3
DA:35,1
DA:36,1
DA:37,2
DA:38,2
DA:39,2
DA:40,2
DA:41,2
DA:42,3
DA:43,3
DA:44,1
DA:45,1
DA:46,1
DA:47,1
DA:48,1
DA:49,1
DA:50,1
DA:51,1
DA:52,1
DA:53,1
DA:54,1
DA:55,1
DA:56,1
DA:57,1
DA:58,1
DA:59,1
DA:60,3
DA:61,1
DA:62,1
DA:63,1
LF:63
LH:63
BRDA:63,0,0,1
BRDA:63,1,0,1
BRDA:63,2,0,1
BRDA:63,3,0,0
BRDA:63,4,0,0
BRDA:63,5,0,0
BRDA:63,6,0,0
BRDA:63,7,0,1
BRDA:63,8,0,2
BRDA:63,9,0,2
BRDA:63,10,0,3
BRDA:63,11,0,5
BRDA:63,12,0,0
BRDA:63,13,0,3
BRDA:63,14,0,5
BRDA:63,15,0,3
BRDA:63,16,0,2
BRDA:63,17,0,6
BRDA:63,18,0,1
BRDA:63,19,0,5
BRDA:63,20,0,3
BRDA:63,21,0,5
BRDA:63,22,0,0
BRDA:63,23,0,9
BRDA:63,24,0,8
BRDA:63,25,0,8
BRDA:63,26,0,0
BRDA:63,27,0,16
BRDA:63,28,0,0
BRDA:63,29,0,0
BRDA:63,30,0,0
BRDA:63,31,0,0
BRDA:63,32,0,8
BRDA:63,33,0,8
BRDA:63,34,0,5
BRDA:63,35,0,0
BRDA:63,36,0,0
BRDA:63,37,0,3
BRDA:63,38,0,0
BRDA:63,39,0,1
BRDA:63,40,0,0
BRDA:63,41,0,0
BRDA:63,42,0,0
BRDA:63,43,0,0
BRDA:63,44,0,8
BRDA:63,45,0,6
BRDA:63,46,0,2
BRDA:63,47,0,8
BRDA:63,48,0,3
BRDA:63,49,0,2
BRDA:63,50,0,1
BRDA:63,51,0,0
BRDA:63,52,0,2
BRDA:63,53,0,0
BRDA:22,54,0,1
BRDA:23,55,0,3
BRDA:31,56,0,3
BRDA:63,57,0,3
BRDA:63,58,0,8
BRDA:32,59,0,3
BRDA:63,60,0,3
BRDA:34,61,0,1
BRDA:36,62,0,2
BRDA:63,63,0,2
BRDA:43,64,0,1
BRF:65
BRH:45
end_of_record
TN:
SF:src\modules\users\services\CreateUserService.ts
FN:44,Object.<anonymous>
FN:44,Object.<anonymous>.__decorate
FN:44,Object.<anonymous>.__metadata
FN:44,Object.<anonymous>.__param
FN:44,Object.<anonymous>.__awaiter
FN:44,adopt
FN:44,fulfilled
FN:44,rejected
FN:44,step
FN:44,Object.<anonymous>.__generator
FN:44,sent
FN:44,g.<computed>
FN:44,verb
FN:44,step
FN:44,Object.<anonymous>.__importDefault
FN:17,CreateUserService
FN:25,Object.<anonymous>.CreateUserService.execute
FNF:17
FNH:15
FNDA:2,Object.<anonymous>
FNDA:2,Object.<anonymous>.__decorate
FNDA:2,Object.<anonymous>.__metadata
FNDA:4,Object.<anonymous>.__param
FNDA:5,Object.<anonymous>.__awaiter
FNDA:13,adopt
FNDA:13,fulfilled
FNDA:0,rejected
FNDA:17,step
FNDA:5,Object.<anonymous>.__generator
FNDA:13,sent
FNDA:0,g.<computed>
FNDA:15,verb
FNDA:18,step
FNDA:2,Object.<anonymous>.__importDefault
FNDA:4,CreateUserService
FNDA:5,Object.<anonymous>.CreateUserService.execute
DA:1,1
DA:2,1
DA:3,1
DA:4,1
DA:5,1
DA:6,1
DA:7,1
DA:8,1
DA:9,1
DA:10,1
DA:11,1
DA:12,1
DA:13,1
DA:14,1
DA:15,1
DA:16,2
DA:17,2
DA:18,4
DA:19,4
DA:20,4
DA:21,4
DA:22,4
DA:23,4
DA:24,2
DA:25,2
DA:26,5
DA:27,5
DA:28,5
DA:29,1
DA:30,1
DA:31,4
DA:32,4
DA:33,5
DA:34,5
DA:35,5
DA:36,5
DA:37,5
DA:38,5
DA:39,5
DA:40,5
DA:41,5
DA:42,2
DA:43,1
DA:44,1
LF:44
LH:44
BRDA:44,0,0,2
BRDA:44,1,0,2
BRDA:44,2,0,2
BRDA:44,3,0,0
BRDA:44,4,0,0
BRDA:44,5,0,0
BRDA:44,6,0,0
BRDA:44,7,0,2
BRDA:44,8,0,4
BRDA:44,9,0,4
BRDA:44,10,0,5
BRDA:44,11,0,13
BRDA:44,12,0,0
BRDA:44,13,0,5
BRDA:44,14,0,13
BRDA:44,15,0,12
BRDA:44,16,0,1
BRDA:44,17,0,17
BRDA:44,18,0,4
BRDA:44,19,0,13
BRDA:44,20,0,5
BRDA:44,21,0,13
BRDA:44,22,0,0
BRDA:44,23,0,15
BRDA:44,24,0,18
BRDA:44,25,0,18
BRDA:44,26,0,0
BRDA:44,27,0,36
BRDA:44,28,0,0
BRDA:44,29,0,0
BRDA:44,30,0,0
BRDA:44,31,0,0
BRDA:44,32,0,18
BRDA:44,33,0,18
BRDA:44,34,0,13
BRDA:44,35,0,0
BRDA:44,36,0,0
BRDA:44,37,0,5
BRDA:44,38,0,0
BRDA:44,39,0,4
BRDA:44,40,0,0
BRDA:44,41,0,0
BRDA:44,42,0,0
BRDA:44,43,0,0
BRDA:44,44,0,28
BRDA:44,45,0,18
BRDA:44,46,0,17
BRDA:44,47,0,1
BRDA:44,48,0,18
BRDA:44,49,0,5
BRDA:44,50,0,1
BRDA:44,51,0,4
BRDA:44,52,0,0
BRDA:44,53,0,2
BRDA:44,54,0,0
BRDA:16,55,0,2
BRDA:17,56,0,4
BRDA:25,57,0,5
BRDA:44,58,0,5
BRDA:44,59,0,18
BRDA:26,60,0,5
BRDA:44,61,0,5
BRDA:28,62,0,1
BRDA:30,63,0,4
BRDA:44,64,0,4
BRDA:44,65,0,4
BRF:66
BRH:46
end_of_record
TN:
SF:src\modules\users\services\ResetPasswordService.ts
FN:53,Object.<anonymous>
FN:53,Object.<anonymous>.__decorate
FN:53,Object.<anonymous>.__metadata
FN:53,Object.<anonymous>.__param
FN:53,Object.<anonymous>.__awaiter
FN:53,adopt
FN:53,fulfilled
FN:53,rejected
FN:53,step
FN:53,Object.<anonymous>.__generator
FN:53,sent
FN:53,g.<computed>
FN:53,verb
FN:53,step
FN:53,Object.<anonymous>.__importDefault
FN:16,ResetPasswordService
FN:27,Object.<anonymous>.ResetPasswordService.execute
FNF:17
FNH:15
FNDA:1,Object.<anonymous>
FNDA:1,Object.<anonymous>.__decorate
FNDA:1,Object.<anonymous>.__metadata
FNDA:3,Object.<anonymous>.__param
FNDA:4,Object.<anonymous>.__awaiter
FNDA:9,adopt
FNDA:9,fulfilled
FNDA:0,rejected
FNDA:10,step
FNDA:4,Object.<anonymous>.__generator
FNDA:9,sent
FNDA:0,g.<computed>
FNDA:12,verb
FNDA:13,step
FNDA:1,Object.<anonymous>.__importDefault
FNDA:4,ResetPasswordService
FNDA:4,Object.<anonymous>.ResetPasswordService.execute
DA:1,1
DA:2,1
DA:3,1
DA:4,1
DA:5,1
DA:6,1
DA:7,1
DA:8,1
DA:9,1
DA:10,1
DA:11,1
DA:12,1
DA:13,1
DA:14,1
DA:15,1
DA:16,1
DA:17,4
DA:18,4
DA:19,4
DA:20,4
DA:21,4
DA:22,4
DA:23,4
DA:24,4
DA:25,4
DA:26,1
DA:27,1
DA:28,4
DA:29,4
DA:30,4
DA:31,1
DA:32,1
DA:33,3
DA:34,3
DA:35,4
DA:36,4
DA:37,1
DA:38,1
DA:39,2
DA:40,2
DA:41,2
DA:42,2
DA:43,4
DA:44,1
DA:45,1
DA:46,1
DA:47,1
DA:48,4
DA:49,4
DA:50,4
DA:51,1
DA:52,1
DA:53,1
LF:53
LH:53
BRDA:53,0,0,1
BRDA:53,1,0,1
BRDA:53,2,0,1
BRDA:53,3,0,0
BRDA:53,4,0,0
BRDA:53,5,0,0
BRDA:53,6,0,0
BRDA:53,7,0,1
BRDA:53,8,0,3
BRDA:53,9,0,3
BRDA:53,10,0,4
BRDA:53,11,0,9
BRDA:53,12,0,0
BRDA:53,13,0,4
BRDA:53,14,0,9
BRDA:53,15,0,6
BRDA:53,16,0,3
BRDA:53,17,0,10
BRDA:53,18,0,1
BRDA:53,19,0,9
BRDA:53,20,0,4
BRDA:53,21,0,9
BRDA:53,22,0,0
BRDA:53,23,0,12
BRDA:53,24,0,13
BRDA:53,25,0,13
BRDA:53,26,0,0
BRDA:53,27,0,26
BRDA:53,28,0,0
BRDA:53,29,0,0
BRDA:53,30,0,0
BRDA:53,31,0,0
BRDA:53,32,0,13
BRDA:53,33,0,13
BRDA:53,34,0,9
BRDA:53,35,0,0
BRDA:53,36,0,0
BRDA:53,37,0,4
BRDA:53,38,0,0
BRDA:53,39,0,1
BRDA:53,40,0,0
BRDA:53,41,0,0
BRDA:53,42,0,0
BRDA:53,43,0,0
BRDA:53,44,0,13
BRDA:53,45,0,10
BRDA:53,46,0,3
BRDA:53,47,0,13
BRDA:53,48,0,4
BRDA:53,49,0,3
BRDA:53,50,0,1
BRDA:53,51,0,0
BRDA:53,52,0,1
BRDA:53,53,0,0
BRDA:15,54,0,1
BRDA:16,55,0,4
BRDA:27,56,0,4
BRDA:53,57,0,4
BRDA:53,58,0,13
BRDA:28,59,0,4
BRDA:53,60,0,4
BRDA:30,61,0,1
BRDA:32,62,0,3
BRDA:53,63,0,3
BRDA:36,64,0,1
BRDA:38,65,0,2
BRDA:43,66,0,1
BRDA:53,67,0,1
BRDA:53,68,0,1
BRF:69
BRH:49
end_of_record
TN:
SF:src\modules\users\services\SendForgotPasswordEmailService.ts
FN:54,Object.<anonymous>
FN:54,Object.<anonymous>.__decorate
FN:54,Object.<anonymous>.__metadata
FN:54,Object.<anonymous>.__param
FN:54,Object.<anonymous>.__awaiter
FN:54,adopt
FN:54,fulfilled
FN:54,rejected
FN:54,step
FN:54,Object.<anonymous>.__generator
FN:54,sent
FN:54,g.<computed>
FN:54,verb
FN:54,step
FN:54,Object.<anonymous>.__importDefault
FN:15,SendForgotPasswordEmailService
FN:26,Object.<anonymous>.SendForgotPasswordEmailService.execute
FNF:17
FNH:15
FNDA:1,Object.<anonymous>
FNDA:1,Object.<anonymous>.__decorate
FNDA:1,Object.<anonymous>.__metadata
FNDA:3,Object.<anonymous>.__param
FNDA:3,Object.<anonymous>.__awaiter
FNDA:7,adopt
FNDA:7,fulfilled
FNDA:0,rejected
FNDA:9,step
FNDA:3,Object.<anonymous>.__generator
FNDA:7,sent
FNDA:0,g.<computed>
FNDA:9,verb
FNDA:10,step
FNDA:2,Object.<anonymous>.__importDefault
FNDA:3,SendForgotPasswordEmailService
FNDA:3,Object.<anonymous>.SendForgotPasswordEmailService.execute
DA:1,1
DA:2,1
DA:3,1
DA:4,1
DA:5,1
DA:6,1
DA:7,1
DA:8,1
DA:9,1
DA:10,1
DA:11,1
DA:12,1
DA:13,1
DA:14,1
DA:15,1
DA:16,3
DA:17,3
DA:18,3
DA:19,3
DA:20,3
DA:21,3
DA:22,3
DA:23,3
DA:24,3
DA:25,1
DA:26,1
DA:27,3
DA:28,3
DA:29,3
DA:30,1
DA:31,1
DA:32,2
DA:33,2
DA:34,3
DA:35,3
DA:36,3
DA:37,3
DA:38,3
DA:39,3
DA:40,3
DA:41,3
DA:42,3
DA:43,3
DA:44,3
DA:45,3
DA:46,3
DA:47,3
DA:48,3
DA:49,3
DA:50,3
DA:51,3
DA:52,1
DA:53,1
DA:54,1
LF:54
LH:54
BRDA:54,0,0,1
BRDA:54,1,0,1
BRDA:54,2,0,1
BRDA:54,3,0,0
BRDA:54,4,0,0
BRDA:54,5,0,0
BRDA:54,6,0,0
BRDA:54,7,0,1
BRDA:54,8,0,3
BRDA:54,9,0,3
BRDA:54,10,0,3
BRDA:54,11,0,7
BRDA:54,12,0,0
BRDA:54,13,0,3
BRDA:54,14,0,7
BRDA:54,15,0,6
BRDA:54,16,0,1
BRDA:54,17,0,9
BRDA:54,18,0,2
BRDA:54,19,0,7
BRDA:54,20,0,3
BRDA:54,21,0,7
BRDA:54,22,0,0
BRDA:54,23,0,9
BRDA:54,24,0,10
BRDA:54,25,0,10
BRDA:54,26,0,0
BRDA:54,27,0,20
BRDA:54,28,0,0
BRDA:54,29,0,0
BRDA:54,30,0,0
BRDA:54,31,0,0
BRDA:54,32,0,10
BRDA:54,33,0,10
BRDA:54,34,0,7
BRDA:54,35,0,0
BRDA:54,36,0,0
BRDA:54,37,0,3
BRDA:54,38,0,0
BRDA:54,39,0,2
BRDA:54,40,0,0
BRDA:54,41,0,0
BRDA:54,42,0,0
BRDA:54,43,0,0
BRDA:54,44,0,10
BRDA:54,45,0,9
BRDA:54,46,0,1
BRDA:54,47,0,10
BRDA:54,48,0,3
BRDA:54,49,0,1
BRDA:54,50,0,2
BRDA:54,51,0,0
BRDA:54,52,0,2
BRDA:54,53,0,1
BRDA:54,54,0,1
BRDA:14,55,0,1
BRDA:15,56,0,3
BRDA:26,57,0,3
BRDA:54,58,0,3
BRDA:54,59,0,10
BRDA:27,60,0,3
BRDA:54,61,0,3
BRDA:29,62,0,1
BRDA:31,63,0,2
BRDA:54,64,0,2
BRDA:54,65,0,2
BRF:66
BRH:47
end_of_record
TN:
SF:src\modules\users\services\UpdateUserAvatarService.ts
FN:49,Object.<anonymous>
FN:49,Object.<anonymous>.__decorate
FN:49,Object.<anonymous>.__metadata
FN:49,Object.<anonymous>.__param
FN:49,Object.<anonymous>.__awaiter
FN:49,adopt
FN:49,fulfilled
FN:49,rejected
FN:49,step
FN:49,Object.<anonymous>.__generator
FN:49,sent
FN:49,g.<computed>
FN:49,verb
FN:49,step
FN:49,Object.<anonymous>.__importDefault
FN:19,UpdateUserAvatarService
FN:27,Object.<anonymous>.UpdateUserAvatarService.execute
FNF:17
FNH:15
FNDA:1,Object.<anonymous>
FNDA:1,Object.<anonymous>.__decorate
FNDA:1,Object.<anonymous>.__metadata
FNDA:2,Object.<anonymous>.__param
FNDA:4,Object.<anonymous>.__awaiter
FNDA:11,adopt
FNDA:11,fulfilled
FNDA:0,rejected
FNDA:14,step
FNDA:4,Object.<anonymous>.__generator
FNDA:11,sent
FNDA:0,g.<computed>
FNDA:12,verb
FNDA:15,step
FNDA:1,Object.<anonymous>.__importDefault
FNDA:3,UpdateUserAvatarService
FNDA:4,Object.<anonymous>.UpdateUserAvatarService.execute
DA:1,1
DA:2,1
DA:3,1
DA:4,1
DA:5,1
DA:6,1
DA:7,1
DA:8,1
DA:9,1
DA:10,1
DA:11,1
DA:12,1
DA:13,1
DA:14,1
DA:15,1
DA:16,1
DA:17,1
DA:18,1
DA:19,1
DA:20,3
DA:21,3
DA:22,3
DA:23,3
DA:24,3
DA:25,3
DA:26,1
DA:27,1
DA:28,4
DA:29,4
DA:30,4
DA:31,4
DA:32,1
DA:33,1
DA:34,3
DA:35,3
DA:36,1
DA:37,4
DA:38,4
DA:39,4
DA:40,4
DA:41,4
DA:42,4
DA:43,4
DA:44,4
DA:45,4
DA:46,4
DA:47,1
DA:48,1
DA:49,1
LF:49
LH:49
BRDA:49,0,0,1
BRDA:49,1,0,1
BRDA:49,2,0,1
BRDA:49,3,0,0
BRDA:49,4,0,0
BRDA:49,5,0,0
BRDA:49,6,0,0
BRDA:49,7,0,1
BRDA:49,8,0,2
BRDA:49,9,0,2
BRDA:49,10,0,4
BRDA:49,11,0,11
BRDA:49,12,0,0
BRDA:49,13,0,4
BRDA:49,14,0,11
BRDA:49,15,0,10
BRDA:49,16,0,1
BRDA:49,17,0,14
BRDA:49,18,0,3
BRDA:49,19,0,11
BRDA:49,20,0,4
BRDA:49,21,0,11
BRDA:49,22,0,0
BRDA:49,23,0,12
BRDA:49,24,0,15
BRDA:49,25,0,15
BRDA:49,26,0,0
BRDA:49,27,0,32
BRDA:49,28,0,0
BRDA:49,29,0,0
BRDA:49,30,0,0
BRDA:49,31,0,0
BRDA:49,32,0,15
BRDA:49,33,0,15
BRDA:49,34,0,11
BRDA:49,35,0,0
BRDA:49,36,0,0
BRDA:49,37,0,6
BRDA:49,38,0,0
BRDA:49,39,0,5
BRDA:49,40,0,4
BRDA:49,41,0,2
BRDA:49,42,0,0
BRDA:49,43,0,2
BRDA:49,44,0,0
BRDA:49,45,0,0
BRDA:49,46,0,0
BRDA:49,47,0,17
BRDA:49,48,0,16
BRDA:49,49,0,1
BRDA:49,50,0,17
BRDA:49,51,0,4
BRDA:49,52,0,1
BRDA:49,53,0,3
BRDA:49,54,0,0
BRDA:49,55,0,1
BRDA:49,56,0,0
BRDA:18,57,0,1
BRDA:19,58,0,3
BRDA:27,59,0,4
BRDA:49,60,0,4
BRDA:49,61,0,17
BRDA:29,62,0,4
BRDA:49,63,0,4
BRDA:31,64,0,1
BRDA:33,65,0,3
BRDA:35,66,0,2
BRDA:35,67,0,1
BRDA:49,68,0,1
BRDA:39,69,0,3
BRDA:49,70,0,3
BRDA:49,71,0,3
BRF:72
BRH:52
end_of_record
